# JRE version: Java(TM) SE Runtime Environment (8.0_121-b13) (build 1.8.0_121-b13)
# Java VM: Java HotSpot(TM) 64-Bit Server VM (25.121-b13 mixed mode windows-amd64 compressed oops)
Heap:
 PSYoungGen      total 851456K, used 599656K [0x000000076b400000, 0x00000007ac400000, 0x00000007c0000000)
  eden space 837120K, 69% used [0x000000076b400000,0x000000078f00e310,0x000000079e580000)
  from space 14336K, 96% used [0x00000007aa780000,0x00000007ab50beb0,0x00000007ab580000)
  to   space 14848K, 0% used [0x00000007ab580000,0x00000007ab580000,0x00000007ac400000)
 ParOldGen       total 189440K, used 55599K [0x00000006c1c00000, 0x00000006cd500000, 0x000000076b400000)
  object space 189440K, 29% used [0x00000006c1c00000,0x00000006c524be30,0x00000006cd500000)
 Metaspace       used 73562K, capacity 77438K, committed 77656K, reserved 1116160K
  class space    used 10115K, capacity 10822K, committed 10880K, reserved 1048576K
GC Heap History (10 events):
Event: 299.029 GC heap before
{Heap before GC invocations=20 (full 3):
 PSYoungGen      total 1061376K, used 1061340K [0x000000076b400000, 0x00000007af380000, 0x00000007c0000000)
  eden space 1048576K, 100% used [0x000000076b400000,0x00000007ab400000,0x00000007ab400000)
  from space 12800K, 99% used [0x00000007ae700000,0x00000007af377358,0x00000007af380000)
  to   space 23552K, 0% used [0x00000007ac580000,0x00000007ac580000,0x00000007adc80000)
 ParOldGen       total 189440K, used 55559K [0x00000006c1c00000, 0x00000006cd500000, 0x000000076b400000)
  object space 189440K, 29% used [0x00000006c1c00000,0x00000006c5241e30,0x00000006cd500000)
 Metaspace       used 73400K, capacity 77278K, committed 77400K, reserved 1116160K
  class space    used 10107K, capacity 10790K, committed 10880K, reserved 1048576K
Event: 299.042 GC heap after
Heap after GC invocations=20 (full 3):
 PSYoungGen      total 1015808K, used 13481K [0x000000076b400000, 0x00000007ae780000, 0x00000007c0000000)
  eden space 1001984K, 0% used [0x000000076b400000,0x000000076b400000,0x00000007a8680000)
  from space 13824K, 97% used [0x00000007ac580000,0x00000007ad2aa598,0x00000007ad300000)
  to   space 20992K, 0% used [0x00000007ad300000,0x00000007ad300000,0x00000007ae780000)
 ParOldGen       total 189440K, used 55567K [0x00000006c1c00000, 0x00000006cd500000, 0x000000076b400000)
  object space 189440K, 29% used [0x00000006c1c00000,0x00000006c5243e30,0x00000006cd500000)
 Metaspace       used 73400K, capacity 77278K, committed 77400K, reserved 1116160K
  class space    used 10107K, capacity 10790K, committed 10880K, reserved 1048576K
}
Event: 334.611 GC heap before
{Heap before GC invocations=21 (full 3):
 PSYoungGen      total 1015808K, used 1015465K [0x000000076b400000, 0x00000007ae780000, 0x00000007c0000000)
  eden space 1001984K, 100% used [0x000000076b400000,0x00000007a8680000,0x00000007a8680000)
  from space 13824K, 97% used [0x00000007ac580000,0x00000007ad2aa598,0x00000007ad300000)
  to   space 20992K, 0% used [0x00000007ad300000,0x00000007ad300000,0x00000007ae780000)
 ParOldGen       total 189440K, used 55567K [0x00000006c1c00000, 0x00000006cd500000, 0x000000076b400000)
  object space 189440K, 29% used [0x00000006c1c00000,0x00000006c5243e30,0x00000006cd500000)
 Metaspace       used 73430K, capacity 77342K, committed 77656K, reserved 1116160K
  class space    used 10112K, capacity 10790K, committed 10880K, reserved 1048576K
Event: 334.622 GC heap after
Heap after GC invocations=21 (full 3):
 PSYoungGen      total 971264K, used 13660K [0x000000076b400000, 0x00000007ae080000, 0x00000007c0000000)
  eden space 957440K, 0% used [0x000000076b400000,0x000000076b400000,0x00000007a5b00000)
  from space 13824K, 98% used [0x00000007ad300000,0x00000007ae0573e8,0x00000007ae080000)
  to   space 22016K, 0% used [0x00000007ab580000,0x00000007ab580000,0x00000007acb00000)
 ParOldGen       total 189440K, used 55575K [0x00000006c1c00000, 0x00000006cd500000, 0x000000076b400000)
  object space 189440K, 29% used [0x00000006c1c00000,0x00000006c5245e30,0x00000006cd500000)
 Metaspace       used 73430K, capacity 77342K, committed 77656K, reserved 1116160K
  class space    used 10112K, capacity 10790K, committed 10880K, reserved 1048576K
}
Event: 369.658 GC heap before
{Heap before GC invocations=22 (full 3):
 PSYoungGen      total 971264K, used 971100K [0x000000076b400000, 0x00000007ae080000, 0x00000007c0000000)
  eden space 957440K, 100% used [0x000000076b400000,0x00000007a5b00000,0x00000007a5b00000)
  from space 13824K, 98% used [0x00000007ad300000,0x00000007ae0573e8,0x00000007ae080000)
  to   space 22016K, 0% used [0x00000007ab580000,0x00000007ab580000,0x00000007acb00000)
 ParOldGen       total 189440K, used 55575K [0x00000006c1c00000, 0x00000006cd500000, 0x000000076b400000)
  object space 189440K, 29% used [0x00000006c1c00000,0x00000006c5245e30,0x00000006cd500000)
 Metaspace       used 73450K, capacity 77342K, committed 77656K, reserved 1116160K
  class space    used 10112K, capacity 10790K, committed 10880K, reserved 1048576K
Event: 369.672 GC heap after
Heap after GC invocations=22 (full 3):
 PSYoungGen      total 929792K, used 14153K [0x000000076b400000, 0x00000007ad380000, 0x00000007c0000000)
  eden space 915456K, 0% used [0x000000076b400000,0x000000076b400000,0x00000007a3200000)
  from space 14336K, 98% used [0x00000007ab580000,0x00000007ac3526f0,0x00000007ac380000)
  to   space 16384K, 0% used [0x00000007ac380000,0x00000007ac380000,0x00000007ad380000)
 ParOldGen       total 189440K, used 55583K [0x00000006c1c00000, 0x00000006cd500000, 0x000000076b400000)
  object space 189440K, 29% used [0x00000006c1c00000,0x00000006c5247e30,0x00000006cd500000)
 Metaspace       used 73450K, capacity 77342K, committed 77656K, reserved 1116160K
  class space    used 10112K, capacity 10790K, committed 10880K, reserved 1048576K
}
Event: 406.508 GC heap before
{Heap before GC invocations=23 (full 3):
 PSYoungGen      total 929792K, used 929609K [0x000000076b400000, 0x00000007ad380000, 0x00000007c0000000)
  eden space 915456K, 100% used [0x000000076b400000,0x00000007a3200000,0x00000007a3200000)
  from space 14336K, 98% used [0x00000007ab580000,0x00000007ac3526f0,0x00000007ac380000)
  to   space 16384K, 0% used [0x00000007ac380000,0x00000007ac380000,0x00000007ad380000)
 ParOldGen       total 189440K, used 55583K [0x00000006c1c00000, 0x00000006cd500000, 0x000000076b400000)
  object space 189440K, 29% used [0x00000006c1c00000,0x00000006c5247e30,0x00000006cd500000)
 Metaspace       used 73457K, capacity 77374K, committed 77656K, reserved 1116160K
  class space    used 10113K, capacity 10822K, committed 10880K, reserved 1048576K
Event: 406.521 GC heap after
Heap after GC invocations=23 (full 3):
 PSYoungGen      total 888832K, used 13182K [0x000000076b400000, 0x00000007ad080000, 0x00000007c0000000)
  eden space 875520K, 0% used [0x000000076b400000,0x000000076b400000,0x00000007a0b00000)
  from space 13312K, 99% used [0x00000007ac380000,0x00000007ad05fad0,0x00000007ad080000)
  to   space 20992K, 0% used [0x00000007aa780000,0x00000007aa780000,0x00000007abc00000)
 ParOldGen       total 189440K, used 55591K [0x00000006c1c00000, 0x00000006cd500000, 0x000000076b400000)
  object space 189440K, 29% used [0x00000006c1c00000,0x00000006c5249e30,0x00000006cd500000)
 Metaspace       used 73457K, capacity 77374K, committed 77656K, reserved 1116160K
  class space    used 10113K, capacity 10822K, committed 10880K, reserved 1048576K
}
Event: 442.746 GC heap before
{Heap before GC invocations=24 (full 3):
 PSYoungGen      total 888832K, used 888702K [0x000000076b400000, 0x00000007ad080000, 0x00000007c0000000)
  eden space 875520K, 100% used [0x000000076b400000,0x00000007a0b00000,0x00000007a0b00000)
  from space 13312K, 99% used [0x00000007ac380000,0x00000007ad05fad0,0x00000007ad080000)
  to   space 20992K, 0% used [0x00000007aa780000,0x00000007aa780000,0x00000007abc00000)
 ParOldGen       total 189440K, used 55591K [0x00000006c1c00000, 0x00000006cd500000, 0x000000076b400000)
  object space 189440K, 29% used [0x00000006c1c00000,0x00000006c5249e30,0x00000006cd500000)
 Metaspace       used 73528K, capacity 77438K, committed 77656K, reserved 1116160K
  class space    used 10113K, capacity 10822K, committed 10880K, reserved 1048576K
Event: 442.760 GC heap after
Heap after GC invocations=24 (full 3):
 PSYoungGen      total 851456K, used 13871K [0x000000076b400000, 0x00000007ac400000, 0x00000007c0000000)
  eden space 837120K, 0% used [0x000000076b400000,0x000000076b400000,0x000000079e580000)
  from space 14336K, 96% used [0x00000007aa780000,0x00000007ab50beb0,0x00000007ab580000)
  to   space 14848K, 0% used [0x00000007ab580000,0x00000007ab580000,0x00000007ac400000)
 ParOldGen       total 189440K, used 55599K [0x00000006c1c00000, 0x00000006cd500000, 0x000000076b400000)
  object space 189440K, 29% used [0x00000006c1c00000,0x00000006c524be30,0x00000006cd500000)
 Metaspace       used 73528K, capacity 77438K, committed 77656K, reserved 1116160K
  class space    used 10113K, capacity 10822K, committed 10880K, reserved 1048576K
}

